[1107/210711.856:ERROR:process_memory_win.cc(73)] ReadMemory at 0x262b4b3dda0 of 72 bytes failed: 仅完成部分的 ReadProcessMemory 或 WriteProcessMemory 请求。 (0x12B)
[1107/210711.856:WARNING:pe_image_annotations_reader.cc(134)] could not read annotations list object in C:\Program Files (x86)\Google\Chrome\Application\78.0.3904.70\chrome_elf.dll
[1107/210711.857:ERROR:process_memory_win.cc(73)] ReadMemory at 0x262b49b92e0 of 72 bytes failed: 仅完成部分的 ReadProcessMemory 或 WriteProcessMemory 请求。 (0x12B)
[1107/210711.857:WARNING:pe_image_annotations_reader.cc(134)] could not read annotations list object in C:\Program Files (x86)\Google\Chrome\Application\78.0.3904.70\chrome_child.dll
[1107/210711.876:ERROR:process_memory_win.cc(73)] ReadMemory at 0x7ff747ed0000 of 64 bytes failed: 仅完成部分的 ReadProcessMemory 或 WriteProcessMemory 请求。 (0x12B)
[1107/210711.877:WARNING:pe_image_reader.cc(340)] could not read dos header from C:\Program Files (x86)\Google\Chrome\Application\chrome.exe
[1107/210711.877:ERROR:process_memory_win.cc(73)] ReadMemory at 0x7ff88f2b0000 of 64 bytes failed: 仅完成部分的 ReadProcessMemory 或 WriteProcessMemory 请求。 (0x12B)
[1107/210711.877:WARNING:pe_image_reader.cc(340)] could not read dos header from C:\Windows\SYSTEM32\ntdll.dll
[1107/210711.877:ERROR:process_memory_win.cc(73)] ReadMemory at 0x7ff88d6e0000 of 64 bytes failed: 仅完成部分的 ReadProcessMemory 或 WriteProcessMemory 请求。 (0x12B)
[1107/210711.877:WARNING:pe_image_reader.cc(340)] could not read dos header from C:\Windows\System32\KERNEL32.DLL
[1107/210711.877:ERROR:process_memory_win.cc(73)] ReadMemory at 0x7ff88b910000 of 64 bytes failed: 仅完成部分的 ReadProcessMemory 或 WriteProcessMemory 请求。 (0x12B)
[1107/210711.877:WARNING:pe_image_reader.cc(340)] could not read dos header from C:\Windows\System32\KERNELBASE.dll
[1107/210711.877:ERROR:process_memory_win.cc(73)] ReadMemory at 0x7ff8783a0000 of 64 bytes failed: 仅完成部分的 ReadProcessMemory 或 WriteProcessMemory 请求。 (0x12B)
[1107/210711.877:WARNING:pe_image_reader.cc(340)] could not read dos header from C:\Program Files (x86)\Google\Chrome\Application\78.0.3904.70\chrome_elf.dll
[1107/210711.877:ERROR:process_memory_win.cc(73)] ReadMemory at 0x7ff881460000 of 64 bytes failed: 仅完成部分的 ReadProcessMemory 或 WriteProcessMemory 请求。 (0x12B)
[1107/210711.877:WARNING:pe_image_reader.cc(340)] could not read dos header from C:\Windows\SYSTEM32\VERSION.dll
[1107/210711.877:ERROR:process_memory_win.cc(73)] ReadMemory at 0x7ff88cca0000 of 64 bytes failed: 仅完成部分的 ReadProcessMemory 或 WriteProcessMemory 请求。 (0x12B)
[1107/210711.877:WARNING:pe_image_reader.cc(340)] could not read dos header from C:\Windows\System32\msvcrt.dll
[1107/210711.877:ERROR:process_memory_win.cc(73)] ReadMemory at 0x7ff88bcc0000 of 64 bytes failed: 仅完成部分的 ReadProcessMemory 或 WriteProcessMemory 请求。 (0x12B)
[1107/210711.877:WARNING:pe_image_reader.cc(340)] could not read dos header from C:\Windows\System32\bcryptPrimitives.dll
[1107/210711.877:ERROR:process_memory_win.cc(73)] ReadMemory at 0x7ff88cb90000 of 64 bytes failed: 仅完成部分的 ReadProcessMemory 或 WriteProcessMemory 请求。 (0x12B)
[1107/210711.877:WARNING:pe_image_reader.cc(340)] could not read dos header from C:\Windows\System32\ADVAPI32.dll
[1107/210711.877:ERROR:process_memory_win.cc(73)] ReadMemory at 0x7ff88cc40000 of 64 bytes failed: 仅完成部分的 ReadProcessMemory 或 WriteProcessMemory 请求。 (0x12B)
[1107/210711.877:WARNING:pe_image_reader.cc(340)] could not read dos header from C:\Windows\System32\sechost.dll
[1107/210711.877:ERROR:process_memory_win.cc(73)] ReadMemory at 0x7ff88d7c0000 of 64 bytes failed: 仅完成部分的 ReadProcessMemory 或 WriteProcessMemory 请求。 (0x12B)
[1107/210711.877:WARNING:pe_image_reader.cc(340)] could not read dos header from C:\Windows\System32\RPCRT4.dll
[1107/210711.877:ERROR:process_memory_win.cc(73)] ReadMemory at 0x7ff83ee50000 of 64 bytes failed: 仅完成部分的 ReadProcessMemory 或 WriteProcessMemory 请求。 (0x12B)
[1107/210711.877:WARNING:pe_image_reader.cc(340)] could not read dos header from C:\Program Files (x86)\Google\Chrome\Application\78.0.3904.70\chrome_child.dll
[1107/210711.877:ERROR:process_memory_win.cc(73)] ReadMemory at 0x7ff88d930000 of 64 bytes failed: 仅完成部分的 ReadProcessMemory 或 WriteProcessMemory 请求。 (0x12B)
[1107/210711.877:WARNING:pe_image_reader.cc(340)] could not read dos header from C:\Windows\System32\OLEAUT32.dll
[1107/210711.877:ERROR:process_memory_win.cc(73)] ReadMemory at 0x7ff88b870000 of 64 bytes failed: 仅完成部分的 ReadProcessMemory 或 WriteProcessMemory 请求。 (0x12B)
[1107/210711.877:WARNING:pe_image_reader.cc(340)] could not read dos header from C:\Windows\System32\msvcp_win.dll
[1107/210711.877:ERROR:process_memory_win.cc(73)] ReadMemory at 0x7ff88bb60000 of 64 bytes failed: 仅完成部分的 ReadProcessMemory 或 WriteProcessMemory 请求。 (0x12B)
[1107/210711.877:WARNING:pe_image_reader.cc(340)] could not read dos header from C:\Windows\System32\ucrtbase.dll
[1107/210711.877:ERROR:process_memory_win.cc(73)] ReadMemory at 0x7ff88c810000 of 64 bytes failed: 仅完成部分的 ReadProcessMemory 或 WriteProcessMemory 请求。 (0x12B)
[1107/210711.878:WARNING:pe_image_reader.cc(340)] could not read dos header from C:\Windows\System32\combase.dll
[1107/210711.878:ERROR:process_memory_win.cc(73)] ReadMemory at 0x7ff88d5c0000 of 64 bytes failed: 仅完成部分的 ReadProcessMemory 或 WriteProcessMemory 请求。 (0x12B)
[1107/210711.878:WARNING:pe_image_reader.cc(340)] could not read dos header from C:\Windows\System32\WS2_32.dll
[1107/210711.878:ERROR:process_memory_win.cc(73)] ReadMemory at 0x7ff88bc60000 of 64 bytes failed: 仅完成部分的 ReadProcessMemory 或 WriteProcessMemory 请求。 (0x12B)
[1107/210711.878:WARNING:pe_image_reader.cc(340)] could not read dos header from C:\Windows\System32\WINTRUST.dll
[1107/210711.878:ERROR:process_memory_win.cc(73)] ReadMemory at 0x7ff88b710000 of 64 bytes failed: 仅完成部分的 ReadProcessMemory 或 WriteProcessMemory 请求。 (0x12B)
[1107/210711.878:WARNING:pe_image_reader.cc(340)] could not read dos header from C:\Windows\System32\MSASN1.dll
[1107/210711.878:ERROR:process_memory_win.cc(73)] ReadMemory at 0x7ff88bef0000 of 64 bytes failed: 仅完成部分的 ReadProcessMemory 或 WriteProcessMemory 请求。 (0x12B)
[1107/210711.878:WARNING:pe_image_reader.cc(340)] could not read dos header from C:\Windows\System32\CRYPT32.dll
[1107/210711.878:ERROR:process_memory_win.cc(73)] ReadMemory at 0x7ff88ad60000 of 64 bytes failed: 仅完成部分的 ReadProcessMemory 或 WriteProcessMemory 请求。 (0x12B)
[1107/210711.878:WARNING:pe_image_reader.cc(340)] could not read dos header from C:\Windows\SYSTEM32\IPHLPAPI.DLL
[1107/210711.878:ERROR:process_memory_win.cc(73)] ReadMemory at 0x7ff889b80000 of 64 bytes failed: 仅完成部分的 ReadProcessMemory 或 WriteProcessMemory 请求。 (0x12B)
[1107/210711.878:WARNING:pe_image_reader.cc(340)] could not read dos header from C:\Windows\SYSTEM32\WINMM.dll
[1107/210711.878:ERROR:process_memory_win.cc(73)] ReadMemory at 0x7ff88b640000 of 64 bytes failed: 仅完成部分的 ReadProcessMemory 或 WriteProcessMemory 请求。 (0x12B)
[1107/210711.878:WARNING:pe_image_reader.cc(340)] could not read dos header from C:\Windows\SYSTEM32\USERENV.dll
[1107/210711.878:ERROR:process_memory_win.cc(73)] ReadMemory at 0x7ff88b7a0000 of 64 bytes failed: 仅完成部分的 ReadProcessMemory 或 WriteProcessMemory 请求。 (0x12B)
[1107/210711.878:WARNING:pe_image_reader.cc(340)] could not read dos header from C:\Windows\System32\profapi.dll
[1107/210711.878:ERROR:process_memory_win.cc(73)] ReadMemory at 0x7ff885480000 of 64 bytes failed: 仅完成部分的 ReadProcessMemory 或 WriteProcessMemory 请求。 (0x12B)
[1107/210711.878:WARNING:pe_image_reader.cc(340)] could not read dos header from C:\Windows\SYSTEM32\DWrite.dll
[1107/210711.878:ERROR:process_memory_win.cc(73)] ReadMemory at 0x7ff877ee0000 of 64 bytes failed: 仅完成部分的 ReadProcessMemory 或 WriteProcessMemory 请求。 (0x12B)
[1107/210711.878:WARNING:pe_image_reader.cc(340)] could not read dos header from C:\Windows\SYSTEM32\WINSPOOL.DRV
[1107/210711.878:ERROR:process_memory_win.cc(73)] ReadMemory at 0x7ff8808c0000 of 64 bytes failed: 仅完成部分的 ReadProcessMemory 或 WriteProcessMemory 请求。 (0x12B)
[1107/210711.878:WARNING:pe_image_reader.cc(340)] could not read dos header from C:\Windows\SYSTEM32\dbghelp.dll
[1107/210711.878:ERROR:process_memory_win.cc(73)] ReadMemory at 0x7ff8808a0000 of 64 bytes failed: 仅完成部分的 ReadProcessMemory 或 WriteProcessMemory 请求。 (0x12B)
[1107/210711.878:WARNING:pe_image_reader.cc(340)] could not read dos header from C:\Windows\SYSTEM32\Secur32.dll
[1107/210711.878:ERROR:process_memory_win.cc(73)] ReadMemory at 0x7ff881380000 of 64 bytes failed: 仅完成部分的 ReadProcessMemory 或 WriteProcessMemory 请求。 (0x12B)
[1107/210711.878:WARNING:pe_image_reader.cc(340)] could not read dos header from C:\Windows\SYSTEM32\WINHTTP.dll
[1107/210711.878:ERROR:process_memory_win.cc(73)] ReadMemory at 0x7ff886a10000 of 64 bytes failed: 仅完成部分的 ReadProcessMemory 或 WriteProcessMemory 请求。 (0x12B)
[1107/210711.878:WARNING:pe_image_reader.cc(340)] could not read dos header from C:\Windows\SYSTEM32\dhcpcsvc.DLL
[1107/210711.878:ERROR:process_memory_win.cc(73)] ReadMemory at 0x7ff88eed0000 of 64 bytes failed: 仅完成部分的 ReadProcessMemory 或 WriteProcessMemory 请求。 (0x12B)
[1107/210711.878:WARNING:pe_image_reader.cc(340)] could not read dos header from C:\Windows\System32\NSI.dll
[1107/210711.878:ERROR:process_memory_win.cc(73)] ReadMemory at 0x7ff889b30000 of 64 bytes failed: 仅完成部分的 ReadProcessMemory 或 WriteProcessMemory 请求。 (0x12B)
[1107/210711.879:WARNING:pe_image_reader.cc(340)] could not read dos header from C:\Windows\SYSTEM32\WINMMBASE.dll
[1107/210711.879:ERROR:process_memory_win.cc(73)] ReadMemory at 0x7ff88c7c0000 of 64 bytes failed: 仅完成部分的 ReadProcessMemory 或 WriteProcessMemory 请求。 (0x12B)
[1107/210711.879:WARNING:pe_image_reader.cc(340)] could not read dos header from C:\Windows\System32\cfgmgr32.dll
[1107/210711.879:ERROR:process_memory_win.cc(73)] ReadMemory at 0x7ff88b2c0000 of 64 bytes failed: 仅完成部分的 ReadProcessMemory 或 WriteProcessMemory 请求。 (0x12B)
[1107/210711.879:WARNING:pe_image_reader.cc(340)] could not read dos header from C:\Windows\SYSTEM32\bcrypt.dll
[1107/210711.879:ERROR:process_memory_win.cc(73)] ReadMemory at 0x7ff88b610000 of 64 bytes failed: 仅完成部分的 ReadProcessMemory 或 WriteProcessMemory 请求。 (0x12B)
[1107/210711.879:WARNING:pe_image_reader.cc(340)] could not read dos header from C:\Windows\SYSTEM32\SSPICLI.DLL
[1107/210711.879:ERROR:process_memory_win.cc(73)] ReadMemory at 0x7ff88b1d0000 of 64 bytes failed: 仅完成部分的 ReadProcessMemory 或 WriteProcessMemory 请求。 (0x12B)
[1107/210711.879:WARNING:pe_image_reader.cc(340)] could not read dos header from C:\Windows\SYSTEM32\CRYPTBASE.DLL
[1107/210711.879:ERROR:process_memory_win.cc(73)] ReadMemory at 0x7ff747ed0000 of 64 bytes failed: 仅完成部分的 ReadProcessMemory 或 WriteProcessMemory 请求。 (0x12B)
[1107/210711.879:WARNING:pe_image_reader.cc(340)] could not read dos header from C:\Program Files (x86)\Google\Chrome\Application\chrome.exe
[1107/210711.879:ERROR:process_memory_win.cc(73)] ReadMemory at 0x7ff88f2b0000 of 64 bytes failed: 仅完成部分的 ReadProcessMemory 或 WriteProcessMemory 请求。 (0x12B)
[1107/210711.879:WARNING:pe_image_reader.cc(340)] could not read dos header from C:\Windows\SYSTEM32\ntdll.dll
[1107/210711.879:ERROR:process_memory_win.cc(73)] ReadMemory at 0x7ff88d6e0000 of 64 bytes failed: 仅完成部分的 ReadProcessMemory 或 WriteProcessMemory 请求。 (0x12B)
[1107/210711.879:WARNING:pe_image_reader.cc(340)] could not read dos header from C:\Windows\System32\KERNEL32.DLL
[1107/210711.879:ERROR:process_memory_win.cc(73)] ReadMemory at 0x7ff88b910000 of 64 bytes failed: 仅完成部分的 ReadProcessMemory 或 WriteProcessMemory 请求。 (0x12B)
[1107/210711.879:WARNING:pe_image_reader.cc(340)] could not read dos header from C:\Windows\System32\KERNELBASE.dll
[1107/210711.879:ERROR:process_memory_win.cc(73)] ReadMemory at 0x7ff8783a0000 of 64 bytes failed: 仅完成部分的 ReadProcessMemory 或 WriteProcessMemory 请求。 (0x12B)
[1107/210711.879:WARNING:pe_image_reader.cc(340)] could not read dos header from C:\Program Files (x86)\Google\Chrome\Application\78.0.3904.70\chrome_elf.dll
[1107/210711.879:ERROR:process_memory_win.cc(73)] ReadMemory at 0x7ff881460000 of 64 bytes failed: 仅完成部分的 ReadProcessMemory 或 WriteProcessMemory 请求。 (0x12B)
[1107/210711.879:WARNING:pe_image_reader.cc(340)] could not read dos header from C:\Windows\SYSTEM32\VERSION.dll
[1107/210711.879:ERROR:process_memory_win.cc(73)] ReadMemory at 0x7ff88cca0000 of 64 bytes failed: 仅完成部分的 ReadProcessMemory 或 WriteProcessMemory 请求。 (0x12B)
[1107/210711.879:WARNING:pe_image_reader.cc(340)] could not read dos header from C:\Windows\System32\msvcrt.dll
[1107/210711.879:ERROR:process_memory_win.cc(73)] ReadMemory at 0x7ff88bcc0000 of 64 bytes failed: 仅完成部分的 ReadProcessMemory 或 WriteProcessMemory 请求。 (0x12B)
[1107/210711.879:WARNING:pe_image_reader.cc(340)] could not read dos header from C:\Windows\System32\bcryptPrimitives.dll
[1107/210711.879:ERROR:process_memory_win.cc(73)] ReadMemory at 0x7ff88cb90000 of 64 bytes failed: 仅完成部分的 ReadProcessMemory 或 WriteProcessMemory 请求。 (0x12B)
[1107/210711.879:WARNING:pe_image_reader.cc(340)] could not read dos header from C:\Windows\System32\ADVAPI32.dll
[1107/210711.879:ERROR:process_memory_win.cc(73)] ReadMemory at 0x7ff88cc40000 of 64 bytes failed: 仅完成部分的 ReadProcessMemory 或 WriteProcessMemory 请求。 (0x12B)
[1107/210711.879:WARNING:pe_image_reader.cc(340)] could not read dos header from C:\Windows\System32\sechost.dll
[1107/210711.879:ERROR:process_memory_win.cc(73)] ReadMemory at 0x7ff88d7c0000 of 64 bytes failed: 仅完成部分的 ReadProcessMemory 或 WriteProcessMemory 请求。 (0x12B)
[1107/210711.879:WARNING:pe_image_reader.cc(340)] could not read dos header from C:\Windows\System32\RPCRT4.dll
[1107/210711.879:ERROR:process_memory_win.cc(73)] ReadMemory at 0x7ff83ee50000 of 64 bytes failed: 仅完成部分的 ReadProcessMemory 或 WriteProcessMemory 请求。 (0x12B)
[1107/210711.879:WARNING:pe_image_reader.cc(340)] could not read dos header from C:\Program Files (x86)\Google\Chrome\Application\78.0.3904.70\chrome_child.dll
[1107/210711.879:ERROR:process_memory_win.cc(73)] ReadMemory at 0x7ff88d930000 of 64 bytes failed: 仅完成部分的 ReadProcessMemory 或 WriteProcessMemory 请求。 (0x12B)
[1107/210711.879:WARNING:pe_image_reader.cc(340)] could not read dos header from C:\Windows\System32\OLEAUT32.dll
[1107/210711.879:ERROR:process_memory_win.cc(73)] ReadMemory at 0x7ff88b870000 of 64 bytes failed: 仅完成部分的 ReadProcessMemory 或 WriteProcessMemory 请求。 (0x12B)
[1107/210711.879:WARNING:pe_image_reader.cc(340)] could not read dos header from C:\Windows\System32\msvcp_win.dll
[1107/210711.879:ERROR:process_memory_win.cc(73)] ReadMemory at 0x7ff88bb60000 of 64 bytes failed: 仅完成部分的 ReadProcessMemory 或 WriteProcessMemory 请求。 (0x12B)
[1107/210711.879:WARNING:pe_image_reader.cc(340)] could not read dos header from C:\Windows\System32\ucrtbase.dll
[1107/210711.879:ERROR:process_memory_win.cc(73)] ReadMemory at 0x7ff88c810000 of 64 bytes failed: 仅完成部分的 ReadProcessMemory 或 WriteProcessMemory 请求。 (0x12B)
[1107/210711.879:WARNING:pe_image_reader.cc(340)] could not read dos header from C:\Windows\System32\combase.dll
[1107/210711.879:ERROR:process_memory_win.cc(73)] ReadMemory at 0x7ff88d5c0000 of 64 bytes failed: 仅完成部分的 ReadProcessMemory 或 WriteProcessMemory 请求。 (0x12B)
[1107/210711.879:WARNING:pe_image_reader.cc(340)] could not read dos header from C:\Windows\System32\WS2_32.dll
[1107/210711.879:ERROR:process_memory_win.cc(73)] ReadMemory at 0x7ff88bc60000 of 64 bytes failed: 仅完成部分的 ReadProcessMemory 或 WriteProcessMemory 请求。 (0x12B)
[1107/210711.879:WARNING:pe_image_reader.cc(340)] could not read dos header from C:\Windows\System32\WINTRUST.dll
[1107/210711.879:ERROR:process_memory_win.cc(73)] ReadMemory at 0x7ff88b710000 of 64 bytes failed: 仅完成部分的 ReadProcessMemory 或 WriteProcessMemory 请求。 (0x12B)
[1107/210711.879:WARNING:pe_image_reader.cc(340)] could not read dos header from C:\Windows\System32\MSASN1.dll
[1107/210711.879:ERROR:process_memory_win.cc(73)] ReadMemory at 0x7ff88bef0000 of 64 bytes failed: 仅完成部分的 ReadProcessMemory 或 WriteProcessMemory 请求。 (0x12B)
[1107/210711.880:WARNING:pe_image_reader.cc(340)] could not read dos header from C:\Windows\System32\CRYPT32.dll
[1107/210711.880:ERROR:process_memory_win.cc(73)] ReadMemory at 0x7ff88ad60000 of 64 bytes failed: 仅完成部分的 ReadProcessMemory 或 WriteProcessMemory 请求。 (0x12B)
[1107/210711.880:WARNING:pe_image_reader.cc(340)] could not read dos header from C:\Windows\SYSTEM32\IPHLPAPI.DLL
[1107/210711.880:ERROR:process_memory_win.cc(73)] ReadMemory at 0x7ff889b80000 of 64 bytes failed: 仅完成部分的 ReadProcessMemory 或 WriteProcessMemory 请求。 (0x12B)
[1107/210711.880:WARNING:pe_image_reader.cc(340)] could not read dos header from C:\Windows\SYSTEM32\WINMM.dll
[1107/210711.880:ERROR:process_memory_win.cc(73)] ReadMemory at 0x7ff88b640000 of 64 bytes failed: 仅完成部分的 ReadProcessMemory 或 WriteProcessMemory 请求。 (0x12B)
[1107/210711.880:WARNING:pe_image_reader.cc(340)] could not read dos header from C:\Windows\SYSTEM32\USERENV.dll
[1107/210711.880:ERROR:process_memory_win.cc(73)] ReadMemory at 0x7ff88b7a0000 of 64 bytes failed: 仅完成部分的 ReadProcessMemory 或 WriteProcessMemory 请求。 (0x12B)
[1107/210711.880:WARNING:pe_image_reader.cc(340)] could not read dos header from C:\Windows\System32\profapi.dll
[1107/210711.880:ERROR:process_memory_win.cc(73)] ReadMemory at 0x7ff885480000 of 64 bytes failed: 仅完成部分的 ReadProcessMemory 或 WriteProcessMemory 请求。 (0x12B)
[1107/210711.880:WARNING:pe_image_reader.cc(340)] could not read dos header from C:\Windows\SYSTEM32\DWrite.dll
[1107/210711.880:ERROR:process_memory_win.cc(73)] ReadMemory at 0x7ff877ee0000 of 64 bytes failed: 仅完成部分的 ReadProcessMemory 或 WriteProcessMemory 请求。 (0x12B)
[1107/210711.880:WARNING:pe_image_reader.cc(340)] could not read dos header from C:\Windows\SYSTEM32\WINSPOOL.DRV
[1107/210711.880:ERROR:process_memory_win.cc(73)] ReadMemory at 0x7ff8808c0000 of 64 bytes failed: 仅完成部分的 ReadProcessMemory 或 WriteProcessMemory 请求。 (0x12B)
[1107/210711.880:WARNING:pe_image_reader.cc(340)] could not read dos header from C:\Windows\SYSTEM32\dbghelp.dll
[1107/210711.880:ERROR:process_memory_win.cc(73)] ReadMemory at 0x7ff8808a0000 of 64 bytes failed: 仅完成部分的 ReadProcessMemory 或 WriteProcessMemory 请求。 (0x12B)
[1107/210711.880:WARNING:pe_image_reader.cc(340)] could not read dos header from C:\Windows\SYSTEM32\Secur32.dll
[1107/210711.880:ERROR:process_memory_win.cc(73)] ReadMemory at 0x7ff881380000 of 64 bytes failed: 仅完成部分的 ReadProcessMemory 或 WriteProcessMemory 请求。 (0x12B)
[1107/210711.880:WARNING:pe_image_reader.cc(340)] could not read dos header from C:\Windows\SYSTEM32\WINHTTP.dll
[1107/210711.880:ERROR:process_memory_win.cc(73)] ReadMemory at 0x7ff886a10000 of 64 bytes failed: 仅完成部分的 ReadProcessMemory 或 WriteProcessMemory 请求。 (0x12B)
[1107/210711.880:WARNING:pe_image_reader.cc(340)] could not read dos header from C:\Windows\SYSTEM32\dhcpcsvc.DLL
[1107/210711.880:ERROR:process_memory_win.cc(73)] ReadMemory at 0x7ff88eed0000 of 64 bytes failed: 仅完成部分的 ReadProcessMemory 或 WriteProcessMemory 请求。 (0x12B)
[1107/210711.880:WARNING:pe_image_reader.cc(340)] could not read dos header from C:\Windows\System32\NSI.dll
[1107/210711.880:ERROR:process_memory_win.cc(73)] ReadMemory at 0x7ff889b30000 of 64 bytes failed: 仅完成部分的 ReadProcessMemory 或 WriteProcessMemory 请求。 (0x12B)
[1107/210711.880:WARNING:pe_image_reader.cc(340)] could not read dos header from C:\Windows\SYSTEM32\WINMMBASE.dll
[1107/210711.880:ERROR:process_memory_win.cc(73)] ReadMemory at 0x7ff88c7c0000 of 64 bytes failed: 仅完成部分的 ReadProcessMemory 或 WriteProcessMemory 请求。 (0x12B)
[1107/210711.880:WARNING:pe_image_reader.cc(340)] could not read dos header from C:\Windows\System32\cfgmgr32.dll
[1107/210711.880:ERROR:process_memory_win.cc(73)] ReadMemory at 0x7ff88b2c0000 of 64 bytes failed: 仅完成部分的 ReadProcessMemory 或 WriteProcessMemory 请求。 (0x12B)
[1107/210711.880:WARNING:pe_image_reader.cc(340)] could not read dos header from C:\Windows\SYSTEM32\bcrypt.dll
[1107/210711.880:ERROR:process_memory_win.cc(73)] ReadMemory at 0x7ff88b610000 of 64 bytes failed: 仅完成部分的 ReadProcessMemory 或 WriteProcessMemory 请求。 (0x12B)
[1107/210711.880:WARNING:pe_image_reader.cc(340)] could not read dos header from C:\Windows\SYSTEM32\SSPICLI.DLL
[1107/210711.880:ERROR:process_memory_win.cc(73)] ReadMemory at 0x7ff88b1d0000 of 64 bytes failed: 仅完成部分的 ReadProcessMemory 或 WriteProcessMemory 请求。 (0x12B)
[1107/210711.880:WARNING:pe_image_reader.cc(340)] could not read dos header from C:\Windows\SYSTEM32\CRYPTBASE.DLL
[1107/210711.897:ERROR:process_memory_win.cc(73)] ReadMemory at 0x7491fee000 of 73728 bytes failed: 仅完成部分的 ReadProcessMemory 或 WriteProcessMemory 请求。 (0x12B)
[1107/210711.897:ERROR:process_memory_win.cc(73)] ReadMemory at 0x74927fd000 of 12288 bytes failed: 仅完成部分的 ReadProcessMemory 或 WriteProcessMemory 请求。 (0x12B)
[1107/210711.897:ERROR:process_memory_win.cc(73)] ReadMemory at 0x74937fc000 of 16384 bytes failed: 仅完成部分的 ReadProcessMemory 或 WriteProcessMemory 请求。 (0x12B)
[1107/210711.897:ERROR:process_memory_win.cc(73)] ReadMemory at 0x7493ffc000 of 16384 bytes failed: 仅完成部分的 ReadProcessMemory 或 WriteProcessMemory 请求。 (0x12B)
[1107/210711.897:ERROR:process_memory_win.cc(73)] ReadMemory at 0x74947fe000 of 8192 bytes failed: 仅完成部分的 ReadProcessMemory 或 WriteProcessMemory 请求。 (0x12B)
[1107/210711.897:ERROR:process_memory_win.cc(73)] ReadMemory at 0x7494ffd000 of 12288 bytes failed: 仅完成部分的 ReadProcessMemory 或 WriteProcessMemory 请求。 (0x12B)
[1107/210711.897:ERROR:process_memory_win.cc(73)] ReadMemory at 0x74957fb000 of 20480 bytes failed: 仅完成部分的 ReadProcessMemory 或 WriteProcessMemory 请求。 (0x12B)
[1107/210711.897:ERROR:process_memory_win.cc(73)] ReadMemory at 0x74967fb000 of 20480 bytes failed: 仅完成部分的 ReadProcessMemory 或 WriteProcessMemory 请求。 (0x12B)
[1107/210711.898:ERROR:process_memory_win.cc(73)] ReadMemory at 0x7496ffb000 of 20480 bytes failed: 仅完成部分的 ReadProcessMemory 或 WriteProcessMemory 请求。 (0x12B)
[1107/210711.898:ERROR:process_memory_win.cc(73)] ReadMemory at 0x74977fb000 of 20480 bytes failed: 仅完成部分的 ReadProcessMemory 或 WriteProcessMemory 请求。 (0x12B)
[1107/210711.898:ERROR:process_memory_win.cc(73)] ReadMemory at 0x7497ffc000 of 16384 bytes failed: 仅完成部分的 ReadProcessMemory 或 WriteProcessMemory 请求。 (0x12B)
[1107/210711.898:ERROR:process_memory_win.cc(73)] ReadMemory at 0x749a7fd000 of 12288 bytes failed: 仅完成部分的 ReadProcessMemory 或 WriteProcessMemory 请求。 (0x12B)
[1107/210711.898:ERROR:process_memory_win.cc(73)] ReadMemory at 0x74a3fff000 of 4096 bytes failed: 仅完成部分的 ReadProcessMemory 或 WriteProcessMemory 请求。 (0x12B)
[1107/210711.898:ERROR:process_memory_win.cc(73)] ReadMemory at 0x74a77fc000 of 16384 bytes failed: 仅完成部分的 ReadProcessMemory 或 WriteProcessMemory 请求。 (0x12B)
[1107/210711.898:ERROR:process_memory_win.cc(73)] ReadMemory at 0x749179a000 of 852 bytes failed: 仅完成部分的 ReadProcessMemory 或 WriteProcessMemory 请求。 (0x12B)
[1107/210711.898:ERROR:process_memory_win.cc(73)] ReadMemory at 0x749179b000 of 6024 bytes failed: 仅完成部分的 ReadProcessMemory 或 WriteProcessMemory 请求。 (0x12B)
[1107/210711.898:ERROR:process_memory_win.cc(73)] ReadMemory at 0x749179d000 of 6024 bytes failed: 仅完成部分的 ReadProcessMemory 或 WriteProcessMemory 请求。 (0x12B)
[1107/210711.898:ERROR:process_memory_win.cc(73)] ReadMemory at 0x74917a1000 of 6024 bytes failed: 仅完成部分的 ReadProcessMemory 或 WriteProcessMemory 请求。 (0x12B)
[1107/210711.898:ERROR:process_memory_win.cc(73)] ReadMemory at 0x74917a3000 of 6024 bytes failed: 仅完成部分的 ReadProcessMemory 或 WriteProcessMemory 请求。 (0x12B)
[1107/210711.898:ERROR:process_memory_win.cc(73)] ReadMemory at 0x74917a5000 of 6024 bytes failed: 仅完成部分的 ReadProcessMemory 或 WriteProcessMemory 请求。 (0x12B)
[1107/210711.899:ERROR:process_memory_win.cc(73)] ReadMemory at 0x74917a7000 of 6024 bytes failed: 仅完成部分的 ReadProcessMemory 或 WriteProcessMemory 请求。 (0x12B)
[1107/210711.899:ERROR:process_memory_win.cc(73)] ReadMemory at 0x74917a9000 of 6024 bytes failed: 仅完成部分的 ReadProcessMemory 或 WriteProcessMemory 请求。 (0x12B)
[1107/210711.899:ERROR:process_memory_win.cc(73)] ReadMemory at 0x74917ad000 of 6024 bytes failed: 仅完成部分的 ReadProcessMemory 或 WriteProcessMemory 请求。 (0x12B)
[1107/210711.899:ERROR:process_memory_win.cc(73)] ReadMemory at 0x74917af000 of 6024 bytes failed: 仅完成部分的 ReadProcessMemory 或 WriteProcessMemory 请求。 (0x12B)
[1107/210711.899:ERROR:process_memory_win.cc(73)] ReadMemory at 0x74917b1000 of 6024 bytes failed: 仅完成部分的 ReadProcessMemory 或 WriteProcessMemory 请求。 (0x12B)
[1107/210711.899:ERROR:process_memory_win.cc(73)] ReadMemory at 0x74917b3000 of 6024 bytes failed: 仅完成部分的 ReadProcessMemory 或 WriteProcessMemory 请求。 (0x12B)
[1107/210711.899:ERROR:process_memory_win.cc(73)] ReadMemory at 0x74917bd000 of 6024 bytes failed: 仅完成部分的 ReadProcessMemory 或 WriteProcessMemory 请求。 (0x12B)
[1107/210711.899:ERROR:process_memory_win.cc(73)] ReadMemory at 0x74917e3000 of 6024 bytes failed: 仅完成部分的 ReadProcessMemory 或 WriteProcessMemory 请求。 (0x12B)
[1107/210711.899:ERROR:process_memory_win.cc(73)] ReadMemory at 0x74917f1000 of 6024 bytes failed: 仅完成部分的 ReadProcessMemory 或 WriteProcessMemory 请求。 (0x12B)
[1107/210711.899:ERROR:process_memory_win.cc(73)] ReadMemory at 0x262b4580ab0 of 512 bytes failed: 仅完成部分的 ReadProcessMemory 或 WriteProcessMemory 请求。 (0x12B)
[1107/210711.899:ERROR:process_memory_win.cc(73)] ReadMemory at 0x262b4580fc0 of 19436 bytes failed: 仅完成部分的 ReadProcessMemory 或 WriteProcessMemory 请求。 (0x12B)
[1107/210711.899:ERROR:process_memory_win.cc(73)] ReadMemory at 0x262b4585bc0 of 1012 bytes failed: 仅完成部分的 ReadProcessMemory 或 WriteProcessMemory 请求。 (0x12B)
[1107/210711.899:ERROR:process_memory_win.cc(73)] ReadMemory at 0x262b45861d8 of 118 bytes failed: 仅完成部分的 ReadProcessMemory 或 WriteProcessMemory 请求。 (0x12B)
[1107/210711.899:ERROR:process_memory_win.cc(73)] ReadMemory at 0x262b4586250 of 916 bytes failed: 仅完成部分的 ReadProcessMemory 或 WriteProcessMemory 请求。 (0x12B)
[1107/210711.899:ERROR:process_memory_win.cc(73)] ReadMemory at 0x262b45865e6 of 118 bytes failed: 仅完成部分的 ReadProcessMemory 或 WriteProcessMemory 请求。 (0x12B)
[1107/210711.899:ERROR:process_memory_win.cc(73)] ReadMemory at 0x262b458665e of 100 bytes failed: 仅完成部分的 ReadProcessMemory 或 WriteProcessMemory 请求。 (0x12B)
[1107/210711.900:ERROR:process_memory_win.cc(73)] ReadMemory at 0x262b45866d0 of 58 bytes failed: 仅完成部分的 ReadProcessMemory 或 WriteProcessMemory 请求。 (0x12B)
[1107/210711.900:ERROR:process_memory_win.cc(73)] ReadMemory at 0x262b45867d0 of 132 bytes failed: 仅完成部分的 ReadProcessMemory 或 WriteProcessMemory 请求。 (0x12B)
[1107/210711.900:ERROR:process_memory_win.cc(73)] ReadMemory at 0x262b4586960 of 132 bytes failed: 仅完成部分的 ReadProcessMemory 或 WriteProcessMemory 请求。 (0x12B)
[1107/210711.900:ERROR:process_memory_win.cc(73)] ReadMemory at 0x262b4586b20 of 124 bytes failed: 仅完成部分的 ReadProcessMemory 或 WriteProcessMemory 请求。 (0x12B)
[1107/210711.900:ERROR:process_memory_win.cc(73)] ReadMemory at 0x262b4586ee0 of 132 bytes failed: 仅完成部分的 ReadProcessMemory 或 WriteProcessMemory 请求。 (0x12B)
[1107/210711.900:ERROR:process_memory_win.cc(73)] ReadMemory at 0x262b4587070 of 64 bytes failed: 仅完成部分的 ReadProcessMemory 或 WriteProcessMemory 请求。 (0x12B)
[1107/210711.900:ERROR:process_memory_win.cc(73)] ReadMemory at 0x262b45870c0 of 132 bytes failed: 仅完成部分的 ReadProcessMemory 或 WriteProcessMemory 请求。 (0x12B)
[1107/210711.900:ERROR:process_memory_win.cc(73)] ReadMemory at 0x262b45873f0 of 132 bytes failed: 仅完成部分的 ReadProcessMemory 或 WriteProcessMemory 请求。 (0x12B)
[1107/210711.900:ERROR:process_memory_win.cc(73)] ReadMemory at 0x262b4587580 of 68 bytes failed: 仅完成部分的 ReadProcessMemory 或 WriteProcessMemory 请求。 (0x12B)
[1107/210711.900:ERROR:process_memory_win.cc(73)] ReadMemory at 0x262b4588330 of 132 bytes failed: 仅完成部分的 ReadProcessMemory 或 WriteProcessMemory 请求。 (0x12B)
[1107/210711.900:ERROR:process_memory_win.cc(73)] ReadMemory at 0x262b4588520 of 132 bytes failed: 仅完成部分的 ReadProcessMemory 或 WriteProcessMemory 请求。 (0x12B)
[1107/210711.900:ERROR:process_memory_win.cc(73)] ReadMemory at 0x262b4588650 of 152 bytes failed: 仅完成部分的 ReadProcessMemory 或 WriteProcessMemory 请求。 (0x12B)
[1107/210711.900:ERROR:process_memory_win.cc(73)] ReadMemory at 0x262b4589180 of 132 bytes failed: 仅完成部分的 ReadProcessMemory 或 WriteProcessMemory 请求。 (0x12B)
[1107/210711.900:ERROR:process_memory_win.cc(73)] ReadMemory at 0x262b45892b0 of 132 bytes failed: 仅完成部分的 ReadProcessMemory 或 WriteProcessMemory 请求。 (0x12B)
[1107/210711.900:ERROR:process_memory_win.cc(73)] ReadMemory at 0x262b4589440 of 62 bytes failed: 仅完成部分的 ReadProcessMemory 或 WriteProcessMemory 请求。 (0x12B)
[1107/210711.900:ERROR:process_memory_win.cc(73)] ReadMemory at 0x262b4589580 of 132 bytes failed: 仅完成部分的 ReadProcessMemory 或 WriteProcessMemory 请求。 (0x12B)
[1107/210711.900:ERROR:process_memory_win.cc(73)] ReadMemory at 0x262b4589710 of 60 bytes failed: 仅完成部分的 ReadProcessMemory 或 WriteProcessMemory 请求。 (0x12B)
[1107/210711.900:ERROR:process_memory_win.cc(73)] ReadMemory at 0x262b4589760 of 156 bytes failed: 仅完成部分的 ReadProcessMemory 或 WriteProcessMemory 请求。 (0x12B)
[1107/210711.900:ERROR:process_memory_win.cc(73)] ReadMemory at 0x262b458b200 of 132 bytes failed: 仅完成部分的 ReadProcessMemory 或 WriteProcessMemory 请求。 (0x12B)
[1107/210711.900:ERROR:process_memory_win.cc(73)] ReadMemory at 0x262b458df90 of 132 bytes failed: 仅完成部分的 ReadProcessMemory 或 WriteProcessMemory 请求。 (0x12B)
[1107/210711.900:ERROR:process_memory_win.cc(73)] ReadMemory at 0x262b458e0c0 of 80 bytes failed: 仅完成部分的 ReadProcessMemory 或 WriteProcessMemory 请求。 (0x12B)
[1107/210711.900:ERROR:process_memory_win.cc(73)] ReadMemory at 0x262b458e170 of 132 bytes failed: 仅完成部分的 ReadProcessMemory 或 WriteProcessMemory 请求。 (0x12B)
[1107/210711.900:ERROR:process_memory_win.cc(73)] ReadMemory at 0x262b458e2a0 of 132 bytes failed: 仅完成部分的 ReadProcessMemory 或 WriteProcessMemory 请求。 (0x12B)
[1107/210711.901:ERROR:process_memory_win.cc(73)] ReadMemory at 0x262b458e3d0 of 132 bytes failed: 仅完成部分的 ReadProcessMemory 或 WriteProcessMemory 请求。 (0x12B)
[1107/210711.901:ERROR:process_memory_win.cc(73)] ReadMemory at 0x262b458e500 of 132 bytes failed: 仅完成部分的 ReadProcessMemory 或 WriteProcessMemory 请求。 (0x12B)
[1107/210711.901:ERROR:process_memory_win.cc(73)] ReadMemory at 0x262b458e630 of 132 bytes failed: 仅完成部分的 ReadProcessMemory 或 WriteProcessMemory 请求。 (0x12B)
[1107/210711.901:ERROR:process_memory_win.cc(73)] ReadMemory at 0x262b458e760 of 132 bytes failed: 仅完成部分的 ReadProcessMemory 或 WriteProcessMemory 请求。 (0x12B)
[1107/210711.901:ERROR:process_memory_win.cc(73)] ReadMemory at 0x262b458e890 of 132 bytes failed: 仅完成部分的 ReadProcessMemory 或 WriteProcessMemory 请求。 (0x12B)
[1107/210711.901:ERROR:process_memory_win.cc(73)] ReadMemory at 0x262b458e9c0 of 132 bytes failed: 仅完成部分的 ReadProcessMemory 或 WriteProcessMemory 请求。 (0x12B)
[1107/210711.901:ERROR:process_memory_win.cc(73)] ReadMemory at 0x262b458eaf0 of 132 bytes failed: 仅完成部分的 ReadProcessMemory 或 WriteProcessMemory 请求。 (0x12B)
[1107/210711.901:ERROR:process_memory_win.cc(73)] ReadMemory at 0x262b458ec20 of 132 bytes failed: 仅完成部分的 ReadProcessMemory 或 WriteProcessMemory 请求。 (0x12B)
[1107/210711.901:ERROR:process_memory_win.cc(73)] ReadMemory at 0x262b458ed50 of 132 bytes failed: 仅完成部分的 ReadProcessMemory 或 WriteProcessMemory 请求。 (0x12B)
[1107/210711.901:ERROR:process_memory_win.cc(73)] ReadMemory at 0x262b458ee80 of 132 bytes failed: 仅完成部分的 ReadProcessMemory 或 WriteProcessMemory 请求。 (0x12B)
[1107/210711.901:ERROR:process_memory_win.cc(73)] ReadMemory at 0x262b458efb0 of 132 bytes failed: 仅完成部分的 ReadProcessMemory 或 WriteProcessMemory 请求。 (0x12B)
[1107/210711.901:ERROR:process_memory_win.cc(73)] ReadMemory at 0x262b45912d0 of 132 bytes failed: 仅完成部分的 ReadProcessMemory 或 WriteProcessMemory 请求。 (0x12B)
[1107/210711.901:ERROR:process_memory_win.cc(73)] ReadMemory at 0x262b4591400 of 132 bytes failed: 仅完成部分的 ReadProcessMemory 或 WriteProcessMemory 请求。 (0x12B)
[1107/210711.901:ERROR:process_memory_win.cc(73)] ReadMemory at 0x262b4591530 of 132 bytes failed: 仅完成部分的 ReadProcessMemory 或 WriteProcessMemory 请求。 (0x12B)
[1107/210711.901:ERROR:process_memory_win.cc(73)] ReadMemory at 0x262b4594660 of 64 bytes failed: 仅完成部分的 ReadProcessMemory 或 WriteProcessMemory 请求。 (0x12B)
[1107/210711.901:ERROR:process_memory_win.cc(73)] ReadMemory at 0x262b45946b0 of 62 bytes failed: 仅完成部分的 ReadProcessMemory 或 WriteProcessMemory 请求。 (0x12B)
[1107/210711.901:ERROR:process_memory_win.cc(73)] ReadMemory at 0x262b4594930 of 66 bytes failed: 仅完成部分的 ReadProcessMemory 或 WriteProcessMemory 请求。 (0x12B)
[1107/210711.901:ERROR:process_memory_win.cc(73)] ReadMemory at 0x262b45950b0 of 60 bytes failed: 仅完成部分的 ReadProcessMemory 或 WriteProcessMemory 请求。 (0x12B)
[1107/210711.901:ERROR:process_memory_win.cc(73)] ReadMemory at 0x262b4597800 of 60 bytes failed: 仅完成部分的 ReadProcessMemory 或 WriteProcessMemory 请求。 (0x12B)
[1107/210711.901:ERROR:process_memory_win.cc(73)] ReadMemory at 0x262b4597850 of 60 bytes failed: 仅完成部分的 ReadProcessMemory 或 WriteProcessMemory 请求。 (0x12B)
[1107/210711.901:ERROR:process_memory_win.cc(73)] ReadMemory at 0x262b45978a0 of 62 bytes failed: 仅完成部分的 ReadProcessMemory 或 WriteProcessMemory 请求。 (0x12B)
[1107/210711.902:ERROR:process_memory_win.cc(73)] ReadMemory at 0x262b45978f0 of 64 bytes failed: 仅完成部分的 ReadProcessMemory 或 WriteProcessMemory 请求。 (0x12B)
[1107/210711.902:ERROR:process_memory_win.cc(73)] ReadMemory at 0x262b4597940 of 64 bytes failed: 仅完成部分的 ReadProcessMemory 或 WriteProcessMemory 请求。 (0x12B)
[1107/210711.902:ERROR:process_memory_win.cc(73)] ReadMemory at 0x262b4597990 of 62 bytes failed: 仅完成部分的 ReadProcessMemory 或 WriteProcessMemory 请求。 (0x12B)
[1107/210711.902:ERROR:process_memory_win.cc(73)] ReadMemory at 0x262b45979e0 of 62 bytes failed: 仅完成部分的 ReadProcessMemory 或 WriteProcessMemory 请求。 (0x12B)
[1107/210711.902:ERROR:process_memory_win.cc(73)] ReadMemory at 0x262b4597a30 of 64 bytes failed: 仅完成部分的 ReadProcessMemory 或 WriteProcessMemory 请求。 (0x12B)
[1107/210711.902:ERROR:process_memory_win.cc(73)] ReadMemory at 0x262b4597a80 of 58 bytes failed: 仅完成部分的 ReadProcessMemory 或 WriteProcessMemory 请求。 (0x12B)
[1107/210711.902:ERROR:process_memory_win.cc(73)] ReadMemory at 0x262b4597ad0 of 62 bytes failed: 仅完成部分的 ReadProcessMemory 或 WriteProcessMemory 请求。 (0x12B)
[1107/210711.902:ERROR:process_memory_win.cc(73)] ReadMemory at 0x262b4597b20 of 64 bytes failed: 仅完成部分的 ReadProcessMemory 或 WriteProcessMemory 请求。 (0x12B)
[1107/210711.902:ERROR:process_memory_win.cc(73)] ReadMemory at 0x262b4597b70 of 64 bytes failed: 仅完成部分的 ReadProcessMemory 或 WriteProcessMemory 请求。 (0x12B)
[1107/210711.902:ERROR:process_memory_win.cc(73)] ReadMemory at 0x262b4597bc0 of 62 bytes failed: 仅完成部分的 ReadProcessMemory 或 WriteProcessMemory 请求。 (0x12B)
[1107/210711.902:ERROR:process_memory_win.cc(73)] ReadMemory at 0x262b4597c10 of 62 bytes failed: 仅完成部分的 ReadProcessMemory 或 WriteProcessMemory 请求。 (0x12B)
[1107/210711.902:ERROR:process_memory_win.cc(73)] ReadMemory at 0x262b4597c60 of 64 bytes failed: 仅完成部分的 ReadProcessMemory 或 WriteProcessMemory 请求。 (0x12B)
[1107/210711.902:ERROR:process_memory_win.cc(73)] ReadMemory at 0x262b4597d50 of 62 bytes failed: 仅完成部分的 ReadProcessMemory 或 WriteProcessMemory 请求。 (0x12B)
[1107/210711.902:ERROR:process_memory_win.cc(73)] ReadMemory at 0x262b4597da0 of 62 bytes failed: 仅完成部分的 ReadProcessMemory 或 WriteProcessMemory 请求。 (0x12B)
[1107/210711.902:ERROR:process_memory_win.cc(73)] ReadMemory at 0x262b4597df0 of 66 bytes failed: 仅完成部分的 ReadProcessMemory 或 WriteProcessMemory 请求。 (0x12B)
[1107/210711.902:ERROR:process_memory_win.cc(73)] ReadMemory at 0x262b4597e40 of 60 bytes failed: 仅完成部分的 ReadProcessMemory 或 WriteProcessMemory 请求。 (0x12B)
[1107/210711.902:ERROR:process_memory_win.cc(73)] ReadMemory at 0x262b4597e90 of 60 bytes failed: 仅完成部分的 ReadProcessMemory 或 WriteProcessMemory 请求。 (0x12B)
[1107/210711.902:ERROR:process_memory_win.cc(73)] ReadMemory at 0x262b4597f30 of 64 bytes failed: 仅完成部分的 ReadProcessMemory 或 WriteProcessMemory 请求。 (0x12B)
[1107/210711.902:ERROR:process_memory_win.cc(73)] ReadMemory at 0x262b45989e0 of 54 bytes failed: 仅完成部分的 ReadProcessMemory 或 WriteProcessMemory 请求。 (0x12B)
[1107/210711.902:ERROR:process_memory_win.cc(73)] ReadMemory at 0x262b4599310 of 132 bytes failed: 仅完成部分的 ReadProcessMemory 或 WriteProcessMemory 请求。 (0x12B)
[1107/210711.902:ERROR:process_memory_win.cc(73)] ReadMemory at 0x262b4599e00 of 132 bytes failed: 仅完成部分的 ReadProcessMemory 或 WriteProcessMemory 请求。 (0x12B)
[1107/210711.902:ERROR:process_memory_win.cc(73)] ReadMemory at 0x262b459a150 of 132 bytes failed: 仅完成部分的 ReadProcessMemory 或 WriteProcessMemory 请求。 (0x12B)
[1107/210711.903:ERROR:process_memory_win.cc(73)] ReadMemory at 0x262b459a9a0 of 132 bytes failed: 仅完成部分的 ReadProcessMemory 或 WriteProcessMemory 请求。 (0x12B)
[1107/210711.903:ERROR:process_memory_win.cc(73)] ReadMemory at 0x262b459ac00 of 132 bytes failed: 仅完成部分的 ReadProcessMemory 或 WriteProcessMemory 请求。 (0x12B)
[1107/210711.903:ERROR:process_memory_win.cc(73)] ReadMemory at 0x262b459b580 of 132 bytes failed: 仅完成部分的 ReadProcessMemory 或 WriteProcessMemory 请求。 (0x12B)
[1107/210711.903:ERROR:process_memory_win.cc(73)] ReadMemory at 0x262b459b910 of 132 bytes failed: 仅完成部分的 ReadProcessMemory 或 WriteProcessMemory 请求。 (0x12B)
[1107/210711.903:ERROR:process_memory_win.cc(73)] ReadMemory at 0x262b45ad8e0 of 512 bytes failed: 仅完成部分的 ReadProcessMemory 或 WriteProcessMemory 请求。 (0x12B)
[1107/210711.903:ERROR:process_memory_win.cc(73)] ReadMemory at 0x262b45adc60 of 512 bytes failed: 仅完成部分的 ReadProcessMemory 或 WriteProcessMemory 请求。 (0x12B)
[1107/210711.903:ERROR:process_memory_win.cc(73)] ReadMemory at 0x262b45af950 of 512 bytes failed: 仅完成部分的 ReadProcessMemory 或 WriteProcessMemory 请求。 (0x12B)
[1107/210711.903:ERROR:process_memory_win.cc(73)] ReadMemory at 0x262b45b08a0 of 512 bytes failed: 仅完成部分的 ReadProcessMemory 或 WriteProcessMemory 请求。 (0x12B)
[1107/210711.903:ERROR:process_memory_win.cc(73)] ReadMemory at 0x262b49da278 of 512 bytes failed: 仅完成部分的 ReadProcessMemory 或 WriteProcessMemory 请求。 (0x12B)
[1107/210711.903:ERROR:process_memory_win.cc(73)] ReadMemory at 0x262b49df130 of 512 bytes failed: 仅完成部分的 ReadProcessMemory 或 WriteProcessMemory 请求。 (0x12B)
[1107/210711.903:ERROR:process_memory_win.cc(73)] ReadMemory at 0x262b49f3830 of 512 bytes failed: 仅完成部分的 ReadProcessMemory 或 WriteProcessMemory 请求。 (0x12B)
[1107/210711.903:ERROR:process_memory_win.cc(73)] ReadMemory at 0x262b49f6930 of 512 bytes failed: 仅完成部分的 ReadProcessMemory 或 WriteProcessMemory 请求。 (0x12B)
[1107/210711.903:ERROR:process_memory_win.cc(73)] ReadMemory at 0x262b4a30690 of 712 bytes failed: 仅完成部分的 ReadProcessMemory 或 WriteProcessMemory 请求。 (0x12B)
[1107/210711.903:ERROR:process_memory_win.cc(73)] ReadMemory at 0x262b4a55400 of 552 bytes failed: 仅完成部分的 ReadProcessMemory 或 WriteProcessMemory 请求。 (0x12B)
[1107/210711.903:ERROR:process_memory_win.cc(73)] ReadMemory at 0x262b738d090 of 512 bytes failed: 仅完成部分的 ReadProcessMemory 或 WriteProcessMemory 请求。 (0x12B)
[1107/210711.903:ERROR:process_memory_win.cc(73)] ReadMemory at 0x262b7ab9e81 of 512 bytes failed: 仅完成部分的 ReadProcessMemory 或 WriteProcessMemory 请求。 (0x12B)
[1107/210711.903:ERROR:process_memory_win.cc(73)] ReadMemory at 0x262b7ae7240 of 512 bytes failed: 仅完成部分的 ReadProcessMemory 或 WriteProcessMemory 请求。 (0x12B)
[1107/210711.903:ERROR:process_memory_win.cc(73)] ReadMemory at 0x262b800da90 of 520 bytes failed: 仅完成部分的 ReadProcessMemory 或 WriteProcessMemory 请求。 (0x12B)
[1107/210711.903:ERROR:process_memory_win.cc(73)] ReadMemory at 0x262b83a56a8 of 512 bytes failed: 仅完成部分的 ReadProcessMemory 或 WriteProcessMemory 请求。 (0x12B)
[1107/210711.903:ERROR:process_memory_win.cc(73)] ReadMemory at 0x1f96779420e0 of 512 bytes failed: 仅完成部分的 ReadProcessMemory 或 WriteProcessMemory 请求。 (0x12B)
[1107/210711.903:ERROR:process_memory_win.cc(73)] ReadMemory at 0x7ff83ee54d34 of 512 bytes failed: 仅完成部分的 ReadProcessMemory 或 WriteProcessMemory 请求。 (0x12B)
[1107/210711.903:ERROR:process_memory_win.cc(73)] ReadMemory at 0x7ff8408dc16c of 512 bytes failed: 仅完成部分的 ReadProcessMemory 或 WriteProcessMemory 请求。 (0x12B)
[1107/210711.903:ERROR:process_memory_win.cc(73)] ReadMemory at 0x7ff8433dcf5c of 512 bytes failed: 仅完成部分的 ReadProcessMemory 或 WriteProcessMemory 请求。 (0x12B)
[1107/210711.903:ERROR:process_memory_win.cc(73)] ReadMemory at 0x7ff88b9766b8 of 512 bytes failed: 仅完成部分的 ReadProcessMemory 或 WriteProcessMemory 请求。 (0x12B)
[1107/210711.904:ERROR:process_memory_win.cc(73)] ReadMemory at 0x7ff88ba9fa6c of 512 bytes failed: 仅完成部分的 ReadProcessMemory 或 WriteProcessMemory 请求。 (0x12B)
[1107/210711.904:ERROR:process_memory_win.cc(73)] ReadMemory at 0x7ff88f2c6090 of 512 bytes failed: 仅完成部分的 ReadProcessMemory 或 WriteProcessMemory 请求。 (0x12B)
[1107/210711.904:ERROR:process_memory_win.cc(73)] ReadMemory at 0x7ff88f2c6530 of 512 bytes failed: 仅完成部分的 ReadProcessMemory 或 WriteProcessMemory 请求。 (0x12B)
[1107/210711.904:ERROR:process_memory_win.cc(73)] ReadMemory at 0x7ff88f355334 of 672 bytes failed: 仅完成部分的 ReadProcessMemory 或 WriteProcessMemory 请求。 (0x12B)
[1107/210711.904:ERROR:process_memory_win.cc(73)] ReadMemory at 0x7ff88f355934 of 512 bytes failed: 仅完成部分的 ReadProcessMemory 或 WriteProcessMemory 请求。 (0x12B)
[1107/210711.904:ERROR:process_memory_win.cc(73)] ReadMemory at 0x7ff88f358ae4 of 608 bytes failed: 仅完成部分的 ReadProcessMemory 或 WriteProcessMemory 请求。 (0x12B)
[1107/210711.904:ERROR:process_memory_win.cc(73)] ReadMemory at 0x7ff88f35be03 of 512 bytes failed: 仅完成部分的 ReadProcessMemory 或 WriteProcessMemory 请求。 (0x12B)
[1107/210711.904:ERROR:process_memory_win.cc(73)] ReadMemory at 0x7ff88f3d3930 of 18 bytes failed: 仅完成部分的 ReadProcessMemory 或 WriteProcessMemory 请求。 (0x12B)
[1107/210711.904:ERROR:process_memory_win.cc(73)] ReadMemory at 0x7ff88f4055a8 of 40 bytes failed: 仅完成部分的 ReadProcessMemory 或 WriteProcessMemory 请求。 (0x12B)
[1107/210711.904:ERROR:process_memory_win.cc(73)] ReadMemory at 0x7ff88f4059a8 of 48 bytes failed: 仅完成部分的 ReadProcessMemory 或 WriteProcessMemory 请求。 (0x12B)
[1107/210711.904:ERROR:process_memory_win.cc(73)] ReadMemory at 0x7ff88f40b340 of 64 bytes failed: 仅完成部分的 ReadProcessMemory 或 WriteProcessMemory 请求。 (0x12B)
[1107/210711.904:ERROR:process_memory_win.cc(73)] ReadMemory at 0x7ff88f40c210 of 512 bytes failed: 仅完成部分的 ReadProcessMemory 或 WriteProcessMemory 请求。 (0x12B)
[1107/210711.910:ERROR:scoped_process_suspend.cc(40)] NtResumeProcess: 已尝试访问正在退出的过程。 (0xc000010a)
[1111/181102.928:ERROR:process_info.cc(329)] VirtualQueryEx: 拒绝访问。 (0x5)
[1111/181103.012:ERROR:process_info.cc(556)] ReadMemoryInfo failed
[1111/181103.012:ERROR:scoped_process_suspend.cc(40)] NtResumeProcess: 已尝试访问正在退出的过程。 (0xc000010a)
